
🚀 SmartShop Scraper Server pornit pe http://localhost:3000
📝 Test: http://localhost:3000/search?q=iPhone
💚 Health: http://localhost:3000/health


🔎 Căutare nouă: "iphone 14"
🌐 Lansez Puppeteer browser...
✅ Puppeteer browser lansat cu succes!
🔍 Scraping Darwin.md pentru: iphone 14
📡 URL: https://darwin.md/telefoane/smartphone/apple-iphone
🔍 Scraping Cactus.md pentru: iphone 14
📡 URL: https://www.cactus.md/ro/search/?q=iphone%2014
🔍 Scraping Bomba.md pentru: iphone 14
📡 URL: https://bomba.md/ru/poisk/?query=iphone%2014
🔍 Scraping PandaShop.md pentru: iphone 14
📡 URL: https://pandashop.md/ro/search/?text=iphone%2014
✅ Selectorul .js-itemsList.cardsList .card.js-itemsList-item găsit!
✅ Selectorul .catalog__pill găsit!
✅ Selectorul .product-card găsit!
📜 Încep scroll automat pentru a încărca toate produsele...
📜 Încep scroll automat pentru a încărca toate produsele...
📜 Încep scroll automat pentru a încărca toate produsele...
  Scroll 1: 40 produse găsite
  Scroll 1: 15 produse găsite
  Scroll 1: 20 produse găsite
  Scroll 2: 40 produse găsite
✅ Nu mai sunt produse de încărcat
✅ PandaShop.md: 40 produse găsite
  Scroll 2: 15 produse găsite
✅ Nu mai sunt produse de încărcat
  Scroll 2: 20 produse găsite
✅ Nu mai sunt produse de încărcat
✅ Cactus.md: 15 produse găsite
✅ Darwin.md: 20 produse găsite
✅ Selectorul .product__item găsit!
📜 Încep scroll automat pentru a încărca toate produsele...
  Scroll 1: 64 produse găsite
  Scroll 2: 64 produse găsite
✅ Nu mai sunt produse de încărcat
✅ Bomba.md: 64 produse găsite

✨ Total: 139 produse găsite

🔎 Căutare nouă: "Samsung s25 ultra"
🌐 Lansez Puppeteer browser...
✅ Puppeteer browser lansat cu succes!
🔍 Scraping Darwin.md pentru: Samsung s25 ultra
📡 URL: https://darwin.md/ro/search?q=Samsung%20s25%20ultra
🔍 Scraping Cactus.md pentru: Samsung s25 ultra
📡 URL: https://www.cactus.md/ro/search/?q=Samsung%20s25%20ultra
🔍 Scraping Bomba.md pentru: Samsung s25 ultra
📡 URL: https://bomba.md/ru/poisk/?query=Samsung%20s25%20ultra
🔍 Scraping PandaShop.md pentru: Samsung s25 ultra
📡 URL: https://pandashop.md/ro/search/?text=Samsung%20s25%20ultra
✅ Selectorul .js-itemsList.cardsList .card.js-itemsList-item găsit!
✅ Selectorul .catalog__pill găsit!
📜 Încep scroll automat pentru a încărca toate produsele...
📜 Încep scroll automat pentru a încărca toate produsele...
  Scroll 1: 40 produse găsite
  Scroll 1: 15 produse găsite
  Scroll 2: 40 produse găsite
✅ Nu mai sunt produse de încărcat
  Scroll 2: 15 produse găsite
✅ Nu mai sunt produse de încărcat
✅ PandaShop.md: 40 produse găsite
✅ Cactus.md: 15 produse găsite
✅ Selectorul .product__item găsit!
📜 Încep scroll automat pentru a încărca toate produsele...
  Scroll 1: 64 produse găsite
  Scroll 2: 64 produse găsite
✅ Nu mai sunt produse de încărcat
✅ Bomba.md: 64 produse găsite
⚠️ Nu s-au găsit produse cu selectorul .product-card
📜 Încep scroll automat pentru a încărca toate produsele...
  Scroll 1: 0 produse găsite
  Scroll 2: 0 produse găsite
✅ Nu mai sunt produse de încărcat
✅ Darwin.md: 0 produse găsite

✨ Total: 119 produse găsite

🔎 Căutare nouă: "Samsung s25 ultra"
📦 Returnat din cache

🔎 Căutare nouă: "Samsung s25 ultra"
🌐 Lansez Puppeteer browser...
✅ Puppeteer browser lansat cu succes!
🔍 Scraping Darwin.md pentru: Samsung s25 ultra
🔍 Scraping Cactus.md pentru: Samsung s25 ultra
📡 URL: https://www.cactus.md/ro/search/?q=Samsung%20s25%20ultra
📡 URL: https://darwin.md/ro/search?q=Samsung%20s25%20ultra
🔍 Scraping Bomba.md pentru: Samsung s25 ultra
📡 URL: https://bomba.md/ru/poisk/?query=Samsung%20s25%20ultra
🔍 Scraping PandaShop.md pentru: Samsung s25 ultra
📡 URL: https://pandashop.md/ro/search/?text=Samsung%20s25%20ultra
✅ Selectorul .js-itemsList.cardsList .card.js-itemsList-item găsit!
✅ Selectorul .catalog__pill găsit!
📜 Încep scroll automat pentru a încărca toate produsele...
📜 Încep scroll automat pentru a încărca toate produsele...
  Scroll 1: 40 produse găsite
  Scroll 1: 15 produse găsite
  Scroll 2: 40 produse găsite
✅ Nu mai sunt produse de încărcat
✅ PandaShop.md: 40 produse găsite
  Scroll 2: 15 produse găsite
✅ Nu mai sunt produse de încărcat
✅ Cactus.md: 15 produse găsite
✅ Selectorul .product__item găsit!
📜 Încep scroll automat pentru a încărca toate produsele...
  Scroll 1: 64 produse găsite
  Scroll 2: 64 produse găsite
✅ Nu mai sunt produse de încărcat
✅ Bomba.md: 64 produse găsite
⚠️ Nu s-au găsit produse cu selectorul .product-card
📜 Încep scroll automat pentru a încărca toate produsele...
  Scroll 1: 0 produse găsite
  Scroll 2: 0 produse găsite
✅ Nu mai sunt produse de încărcat
✅ Darwin.md: 0 produse găsite

✨ Total: 119 produse găsite

🔎 Căutare nouă: "samsung galaxy s25 ultra"
🌐 Lansez Puppeteer browser...

🔎 Căutare nouă: "samsung galaxy s25 ultra"
🌐 Lansez Puppeteer browser...
✅ Puppeteer browser lansat cu succes!
✅ Puppeteer browser lansat cu succes!
🔍 Scraping Darwin.md pentru: samsung galaxy s25 ultra
📡 URL: https://darwin.md/ro/search?q=samsung%20galaxy%20s25%20ultra
🔍 Scraping Darwin.md pentru: samsung galaxy s25 ultra
📡 URL: https://darwin.md/ro/search?q=samsung%20galaxy%20s25%20ultra
🔍 Scraping Cactus.md pentru: samsung galaxy s25 ultra
📡 URL: https://www.cactus.md/ro/search/?q=samsung%20galaxy%20s25%20ultra
🔍 Scraping Cactus.md pentru: samsung galaxy s25 ultra
📡 URL: https://www.cactus.md/ro/search/?q=samsung%20galaxy%20s25%20ultra
🔍 Scraping PandaShop.md pentru: samsung galaxy s25 ultra
🔍 Scraping Bomba.md pentru: samsung galaxy s25 ultra
📡 URL: https://pandashop.md/ro/search/?text=samsung%20galaxy%20s25%20ultra
📡 URL: https://bomba.md/ru/poisk/?query=samsung%20galaxy%20s25%20ultra
🔍 Scraping PandaShop.md pentru: samsung galaxy s25 ultra
📡 URL: https://pandashop.md/ro/search/?text=samsung%20galaxy%20s25%20ultra
🔍 Scraping Bomba.md pentru: samsung galaxy s25 ultra
📡 URL: https://bomba.md/ru/poisk/?query=samsung%20galaxy%20s25%20ultra
✅ Selectorul .catalog__pill găsit!
✅ Selectorul .js-itemsList.cardsList .card.js-itemsList-item găsit!
✅ Selectorul .js-itemsList.cardsList .card.js-itemsList-item găsit!
✅ Selectorul .catalog__pill găsit!
📜 Încep scroll automat pentru a încărca toate produsele...
📜 Încep scroll automat pentru a încărca toate produsele...
📜 Încep scroll automat pentru a încărca toate produsele...
📜 Încep scroll automat pentru a încărca toate produsele...
  Scroll 1: 40 produse găsite
  Scroll 1: 15 produse găsite
  Scroll 1: 40 produse găsite
  Scroll 1: 15 produse găsite
  Scroll 2: 40 produse găsite
✅ Nu mai sunt produse de încărcat
  Scroll 2: 15 produse găsite
✅ Nu mai sunt produse de încărcat
  Scroll 2: 40 produse găsite
✅ Nu mai sunt produse de încărcat
  Scroll 2: 15 produse găsite
✅ Nu mai sunt produse de încărcat
✅ PandaShop.md: 40 produse găsite
✅ Cactus.md: 15 produse găsite
✅ PandaShop.md: 40 produse găsite
✅ Cactus.md: 15 produse găsite
✅ Selectorul .product__item găsit!
✅ Selectorul .product__item găsit!
📜 Încep scroll automat pentru a încărca toate produsele...
📜 Încep scroll automat pentru a încărca toate produsele...
  Scroll 1: 64 produse găsite
  Scroll 1: 64 produse găsite
  Scroll 2: 64 produse găsite
✅ Nu mai sunt produse de încărcat
✅ Bomba.md: 64 produse găsite
  Scroll 2: 64 produse găsite
✅ Nu mai sunt produse de încărcat
✅ Bomba.md: 64 produse găsite
⚠️ Nu s-au găsit produse cu selectorul .product-card
⚠️ Nu s-au găsit produse cu selectorul .product-card
📜 Încep scroll automat pentru a încărca toate produsele...
📜 Încep scroll automat pentru a încărca toate produsele...
  Scroll 1: 0 produse găsite
  Scroll 1: 0 produse găsite
  Scroll 2: 0 produse găsite
✅ Nu mai sunt produse de încărcat
  Scroll 2: 0 produse găsite
✅ Nu mai sunt produse de încărcat
✅ Darwin.md: 0 produse găsite

✨ Total: 119 produse găsite
✅ Darwin.md: 0 produse găsite

✨ Total: 119 produse găsite

🔎 Căutare nouă: "samsung galaxy s25 ultra"
📦 Returnat din cache

🔎 Căutare nouă: "samsung galaxy s25 ultra"
📦 Returnat din cache
