
> smartshop-scraper-server@1.0.0 start
> node server.js


🚀 SmartShop Scraper Server pornit pe http://localhost:3000
📝 Test: http://localhost:3000/search?q=iPhone
💚 Health: http://localhost:3000/health


🔎 Căutare nouă: "iphone 13"
🌐 Lansez Puppeteer browser...
✅ Puppeteer browser lansat cu succes!
🔍 Scraping Darwin.md pentru: iphone 13
📡 URL: https://darwin.md/telefoane/smartphone/apple-iphone
🔍 Scraping Cactus.md pentru: iphone 13
📡 URL: https://www.cactus.md/ro/search/?q=iphone%2013
🔍 Scraping Bomba.md pentru: iphone 13
📡 URL: https://bomba.md/ru/poisk/?query=iphone%2013
🔍 Scraping PandaShop.md pentru: iphone 13
📡 URL: https://pandashop.md/ro/search/?text=iphone%2013
✅ Selectorul .card găsit!
✅ Selectorul .product-card găsit!
✅ Selectorul .catalog__pill găsit!
📜 Încep scroll automat pentru a încărca toate produsele...
📜 Încep scroll automat pentru a încărca toate produsele...
📜 Încep scroll automat pentru a încărca toate produsele...
  Scroll 1: 40 produse găsite
  Scroll 1: 20 produse găsite
  Scroll 1: 15 produse găsite
  Scroll 2: 40 produse găsite
✅ Nu mai sunt produse de încărcat
✅ PandaShop.md: 40 produse găsite
  Scroll 2: 20 produse găsite
✅ Nu mai sunt produse de încărcat
  Scroll 2: 15 produse găsite
✅ Nu mai sunt produse de încărcat
✅ Darwin.md: 20 produse găsite
✅ Cactus.md: 15 produse găsite
✅ Selectorul .product__item găsit!
📜 Încep scroll automat pentru a încărca toate produsele...
  Scroll 1: 64 produse găsite
  Scroll 2: 64 produse găsite
✅ Nu mai sunt produse de încărcat
✅ Bomba.md: 64 produse găsite

✨ Total: 139 produse găsite

🔎 Căutare nouă: "iphone 13"
📦 Returnat din cache

🔎 Căutare nouă: "iphone 13"
🌐 Lansez Puppeteer browser...
✅ Puppeteer browser lansat cu succes!
🔍 Scraping Darwin.md pentru: iphone 13
📡 URL: https://darwin.md/telefoane/smartphone/apple-iphone
🔍 Scraping Cactus.md pentru: iphone 13
📡 URL: https://www.cactus.md/ro/search/?q=iphone%2013
🔍 Scraping Bomba.md pentru: iphone 13
📡 URL: https://bomba.md/ru/poisk/?query=iphone%2013
🔍 Scraping PandaShop.md pentru: iphone 13
📡 URL: https://pandashop.md/ro/search/?text=iphone%2013
✅ Selectorul .card găsit!
✅ Selectorul .product-card găsit!
✅ Selectorul .catalog__pill găsit!
📜 Încep scroll automat pentru a încărca toate produsele...
📜 Încep scroll automat pentru a încărca toate produsele...
📜 Încep scroll automat pentru a încărca toate produsele...
  Scroll 1: 40 produse găsite
  Scroll 1: 15 produse găsite
  Scroll 1: 20 produse găsite
  Scroll 2: 40 produse găsite
✅ Nu mai sunt produse de încărcat
  Scroll 2: 15 produse găsite
✅ Nu mai sunt produse de încărcat
  Scroll 2: 20 produse găsite
✅ Nu mai sunt produse de încărcat
✅ PandaShop.md: 40 produse găsite
✅ Cactus.md: 15 produse găsite
✅ Darwin.md: 20 produse găsite
✅ Selectorul .product__item găsit!
📜 Încep scroll automat pentru a încărca toate produsele...
  Scroll 1: 64 produse găsite
  Scroll 2: 64 produse găsite
✅ Nu mai sunt produse de încărcat
✅ Bomba.md: 64 produse găsite

✨ Total: 139 produse găsite

🔎 Căutare nouă: "iphone 14"
🌐 Lansez Puppeteer browser...
✅ Puppeteer browser lansat cu succes!
🔍 Scraping Darwin.md pentru: iphone 14
📡 URL: https://darwin.md/telefoane/smartphone/apple-iphone
🔍 Scraping Cactus.md pentru: iphone 14
📡 URL: https://www.cactus.md/ro/search/?q=iphone%2014
🔍 Scraping Bomba.md pentru: iphone 14
📡 URL: https://bomba.md/ru/poisk/?query=iphone%2014
🔍 Scraping PandaShop.md pentru: iphone 14
📡 URL: https://pandashop.md/ro/search/?text=iphone%2014
✅ Selectorul .card găsit!
✅ Selectorul .product-card găsit!
✅ Selectorul .catalog__pill găsit!
📜 Încep scroll automat pentru a încărca toate produsele...
📜 Încep scroll automat pentru a încărca toate produsele...
📜 Încep scroll automat pentru a încărca toate produsele...
  Scroll 1: 40 produse găsite
  Scroll 1: 15 produse găsite
  Scroll 1: 20 produse găsite
  Scroll 2: 40 produse găsite
✅ Nu mai sunt produse de încărcat
✅ PandaShop.md: 40 produse găsite
  Scroll 2: 15 produse găsite
✅ Nu mai sunt produse de încărcat
  Scroll 2: 20 produse găsite
✅ Nu mai sunt produse de încărcat
✅ Cactus.md: 15 produse găsite
✅ Darwin.md: 20 produse găsite
✅ Selectorul .product__item găsit!
📜 Încep scroll automat pentru a încărca toate produsele...
  Scroll 1: 64 produse găsite
  Scroll 2: 64 produse găsite
✅ Nu mai sunt produse de încărcat
✅ Bomba.md: 64 produse găsite

✨ Total: 139 produse găsite
